<?xml version="1.0" encoding="UTF-8"?>
<testsuite xmlns:xsi="http://www.w3.org/2001/XMLSchema-instance" xsi:noNamespaceSchemaLocation="https://maven.apache.org/surefire/maven-surefire-plugin/xsd/surefire-test-report.xsd" name="tn.esprit.devops_project.services.ProductServiceImplTest" time="0.001" tests="6" errors="0" skipped="0" failures="0">
  <properties>
[...]
</properties>
  <testcase name="retreiveAllProduct" classname="tn.esprit.devops_project.services.ProductServiceImplTest" time="0"/>
  <testcase name="retreiveProductStock" classname="tn.esprit.devops_project.services.ProductServiceImplTest" time="0"/>
  <testcase name="retrieveProduct" classname="tn.esprit.devops_project.services.ProductServiceImplTest" time="0.001"/>
  <testcase name="deleteProduct" classname="tn.esprit.devops_project.services.ProductServiceImplTest" time="0"/>
  <testcase name="retrieveProductByCategory" classname="tn.esprit.devops_project.services.ProductServiceImplTest" time="0"/>
  <testcase name="addProduct" classname="tn.esprit.devops_project.services.ProductServiceImplTest" time="0"/>
</testsuite>